nohup: ignoring input
2025-07-18 21:51:02,392 - __main__ - INFO - Bot started...
2025-07-18 21:51:02,640 - httpx - INFO - HTTP Request: POST https://api.telegram.org/bot7989905773:AAGaAak7IfFkGxouqrFCp8KVx6tkC5RsIVg/getMe "HTTP/1.1 200 OK"
2025-07-18 21:51:02,720 - httpx - INFO - HTTP Request: POST https://api.telegram.org/bot7989905773:AAGaAak7IfFkGxouqrFCp8KVx6tkC5RsIVg/deleteWebhook "HTTP/1.1 200 OK"
2025-07-18 21:51:02,724 - telegram.ext.Application - INFO - Application started
2025-07-18 21:51:12,973 - httpx - INFO - HTTP Request: POST https://api.telegram.org/bot7989905773:AAGaAak7IfFkGxouqrFCp8KVx6tkC5RsIVg/getUpdates "HTTP/1.1 200 OK"
2025-07-18 21:51:23,057 - httpx - INFO - HTTP Request: POST https://api.telegram.org/bot7989905773:AAGaAak7IfFkGxouqrFCp8KVx6tkC5RsIVg/getUpdates "HTTP/1.1 200 OK"
2025-07-18 21:51:23,397 - httpx - INFO - HTTP Request: POST https://api.telegram.org/bot7989905773:AAGaAak7IfFkGxouqrFCp8KVx6tkC5RsIVg/getUpdates "HTTP/1.1 200 OK"
2025-07-18 21:51:23,852 - httpx - INFO - HTTP Request: POST https://api.telegram.org/bot7989905773:AAGaAak7IfFkGxouqrFCp8KVx6tkC5RsIVg/sendMessage "HTTP/1.1 200 OK"
2025-07-18 21:51:33,481 - httpx - INFO - HTTP Request: POST https://api.telegram.org/bot7989905773:AAGaAak7IfFkGxouqrFCp8KVx6tkC5RsIVg/getUpdates "HTTP/1.1 200 OK"
2025-07-18 21:51:43,565 - httpx - INFO - HTTP Request: POST https://api.telegram.org/bot7989905773:AAGaAak7IfFkGxouqrFCp8KVx6tkC5RsIVg/getUpdates "HTTP/1.1 200 OK"
2025-07-18 21:51:53,647 - httpx - INFO - HTTP Request: POST https://api.telegram.org/bot7989905773:AAGaAak7IfFkGxouqrFCp8KVx6tkC5RsIVg/getUpdates "HTTP/1.1 200 OK"
2025-07-18 21:52:03,731 - httpx - INFO - HTTP Request: POST https://api.telegram.org/bot7989905773:AAGaAak7IfFkGxouqrFCp8KVx6tkC5RsIVg/getUpdates "HTTP/1.1 200 OK"
2025-07-18 21:52:13,814 - httpx - INFO - HTTP Request: POST https://api.telegram.org/bot7989905773:AAGaAak7IfFkGxouqrFCp8KVx6tkC5RsIVg/getUpdates "HTTP/1.1 200 OK"
2025-07-18 21:52:23,898 - httpx - INFO - HTTP Request: POST https://api.telegram.org/bot7989905773:AAGaAak7IfFkGxouqrFCp8KVx6tkC5RsIVg/getUpdates "HTTP/1.1 200 OK"
2025-07-18 21:52:33,982 - httpx - INFO - HTTP Request: POST https://api.telegram.org/bot7989905773:AAGaAak7IfFkGxouqrFCp8KVx6tkC5RsIVg/getUpdates "HTTP/1.1 200 OK"
2025-07-18 21:52:44,066 - httpx - INFO - HTTP Request: POST https://api.telegram.org/bot7989905773:AAGaAak7IfFkGxouqrFCp8KVx6tkC5RsIVg/getUpdates "HTTP/1.1 200 OK"
2025-07-18 21:52:44,592 - httpx - INFO - HTTP Request: POST https://api.telegram.org/bot7989905773:AAGaAak7IfFkGxouqrFCp8KVx6tkC5RsIVg/getUpdates "HTTP/1.1 200 OK"
2025-07-18 21:52:45,022 - httpx - INFO - HTTP Request: POST https://api.telegram.org/bot7989905773:AAGaAak7IfFkGxouqrFCp8KVx6tkC5RsIVg/sendMessage "HTTP/1.1 200 OK"
2025-07-18 21:52:54,678 - httpx - INFO - HTTP Request: POST https://api.telegram.org/bot7989905773:AAGaAak7IfFkGxouqrFCp8KVx6tkC5RsIVg/getUpdates "HTTP/1.1 200 OK"
2025-07-18 21:53:04,761 - httpx - INFO - HTTP Request: POST https://api.telegram.org/bot7989905773:AAGaAak7IfFkGxouqrFCp8KVx6tkC5RsIVg/getUpdates "HTTP/1.1 200 OK"
2025-07-18 21:53:14,845 - httpx - INFO - HTTP Request: POST https://api.telegram.org/bot7989905773:AAGaAak7IfFkGxouqrFCp8KVx6tkC5RsIVg/getUpdates "HTTP/1.1 200 OK"
2025-07-18 21:53:24,928 - httpx - INFO - HTTP Request: POST https://api.telegram.org/bot7989905773:AAGaAak7IfFkGxouqrFCp8KVx6tkC5RsIVg/getUpdates "HTTP/1.1 200 OK"
2025-07-18 21:53:35,012 - httpx - INFO - HTTP Request: POST https://api.telegram.org/bot7989905773:AAGaAak7IfFkGxouqrFCp8KVx6tkC5RsIVg/getUpdates "HTTP/1.1 200 OK"
2025-07-18 21:53:45,094 - httpx - INFO - HTTP Request: POST https://api.telegram.org/bot7989905773:AAGaAak7IfFkGxouqrFCp8KVx6tkC5RsIVg/getUpdates "HTTP/1.1 200 OK"
2025-07-18 21:53:53,793 - httpx - INFO - HTTP Request: POST https://api.telegram.org/bot7989905773:AAGaAak7IfFkGxouqrFCp8KVx6tkC5RsIVg/getUpdates "HTTP/1.1 200 OK"
2025-07-18 21:53:54,225 - httpx - INFO - HTTP Request: POST https://api.telegram.org/bot7989905773:AAGaAak7IfFkGxouqrFCp8KVx6tkC5RsIVg/sendMessage "HTTP/1.1 200 OK"
2025-07-18 21:54:03,877 - httpx - INFO - HTTP Request: POST https://api.telegram.org/bot7989905773:AAGaAak7IfFkGxouqrFCp8KVx6tkC5RsIVg/getUpdates "HTTP/1.1 200 OK"
2025-07-18 21:54:13,961 - httpx - INFO - HTTP Request: POST https://api.telegram.org/bot7989905773:AAGaAak7IfFkGxouqrFCp8KVx6tkC5RsIVg/getUpdates "HTTP/1.1 200 OK"
2025-07-18 21:54:24,044 - httpx - INFO - HTTP Request: POST https://api.telegram.org/bot7989905773:AAGaAak7IfFkGxouqrFCp8KVx6tkC5RsIVg/getUpdates "HTTP/1.1 200 OK"
2025-07-18 21:54:34,129 - httpx - INFO - HTTP Request: POST https://api.telegram.org/bot7989905773:AAGaAak7IfFkGxouqrFCp8KVx6tkC5RsIVg/getUpdates "HTTP/1.1 200 OK"
2025-07-18 21:54:44,214 - httpx - INFO - HTTP Request: POST https://api.telegram.org/bot7989905773:AAGaAak7IfFkGxouqrFCp8KVx6tkC5RsIVg/getUpdates "HTTP/1.1 200 OK"
2025-07-18 21:54:54,298 - httpx - INFO - HTTP Request: POST https://api.telegram.org/bot7989905773:AAGaAak7IfFkGxouqrFCp8KVx6tkC5RsIVg/getUpdates "HTTP/1.1 200 OK"
2025-07-18 21:55:04,381 - httpx - INFO - HTTP Request: POST https://api.telegram.org/bot7989905773:AAGaAak7IfFkGxouqrFCp8KVx6tkC5RsIVg/getUpdates "HTTP/1.1 200 OK"
2025-07-18 21:55:14,465 - httpx - INFO - HTTP Request: POST https://api.telegram.org/bot7989905773:AAGaAak7IfFkGxouqrFCp8KVx6tkC5RsIVg/getUpdates "HTTP/1.1 200 OK"
2025-07-18 21:55:24,548 - httpx - INFO - HTTP Request: POST https://api.telegram.org/bot7989905773:AAGaAak7IfFkGxouqrFCp8KVx6tkC5RsIVg/getUpdates "HTTP/1.1 200 OK"
2025-07-18 21:55:34,631 - httpx - INFO - HTTP Request: POST https://api.telegram.org/bot7989905773:AAGaAak7IfFkGxouqrFCp8KVx6tkC5RsIVg/getUpdates "HTTP/1.1 200 OK"
2025-07-18 21:55:44,715 - httpx - INFO - HTTP Request: POST https://api.telegram.org/bot7989905773:AAGaAak7IfFkGxouqrFCp8KVx6tkC5RsIVg/getUpdates "HTTP/1.1 200 OK"
